[Info]--Ash version is 1.0.1. AshUnity version is 1.0.1.
[Info]--During this run, Ash Framework will use editor resource files, which you should validate first.
[Info]--Can't add script behaviour BaseComponent. The script class can't be abstract!
[Info]--AshException: Resource manager is invalid.
[Info]--NullReferenceException: Object reference not set to an instance of an object
[Info]--AshException: Resource manager is invalid.
[Info]--AshException: Resource manager is invalid.
[2017-11-10 23:09:16.652][Info]--Ash version is 1.0.1. AshUnity version is 1.0.1.
[2017-11-10 23:09:16.678][Info]--During this run, Ash Framework will use editor resource files, which you should validate first.
[2017-11-10 23:09:16.746][Info]--AshException: Resource manager is invalid.
[2017-11-10 23:09:16.749][Error]--Entrance procedure is invalid.
      1.AshUnity.<Start>d__7:MoveNext()
      2.UnityEngine.SetupCoroutine:InvokeMoveNext(IEnumerator, IntPtr)
[2017-11-10 23:09:16.751][Info]--AshException: Resource manager is invalid.
[2017-11-10 23:09:16.756][Info]--AshException: Resource manager is invalid.
[2017-11-10 23:09:16.762][Info]--Can't add script behaviour BaseComponent. The script class can't be abstract!
[2017-11-11 00:08:32.411][Info]--Ash version is 1.0.1. AshUnity version is 1.0.1.
[2017-11-11 00:08:32.423][Info]--During this run, Game Framework will use editor resource files, which you should validate first.
[2017-11-11 00:08:32.517][Info]--AshException: Resource manager is invalid.
[2017-11-11 00:08:32.520][Error]--Entrance procedure is invalid.
      1.AshUnity.<Start>d__7:MoveNext()
      2.UnityEngine.SetupCoroutine:InvokeMoveNext(IEnumerator, IntPtr)
[2017-11-11 00:08:32.522][Info]--AshException: Resource manager is invalid.
[2017-11-11 00:08:32.526][Info]--AshException: Resource manager is invalid.
