[2017-11-11 00:10:11.706][Info]--Ash version is 1.0.1. AshUnity version is 1.0.1.
[2017-11-11 00:10:11.717][Info]--During this run, Game Framework will use editor resource files, which you should validate first.
[2017-11-11 00:10:11.755][Info]--AshException: Resource manager is invalid.
[2017-11-11 00:10:11.758][Info]--NullReferenceException: Object reference not set to an instance of an object
[2017-11-11 00:10:11.761][Info]--AshException: Resource manager is invalid.
[2017-11-11 00:10:11.762][Info]--AshException: Resource manager is invalid.
[2017-11-11 00:10:34.755][Info]--Ash version is 1.0.1. AshUnity version is 1.0.1.
[2017-11-11 00:10:34.766][Info]--During this run, Game Framework will use editor resource files, which you should validate first.
[2017-11-11 00:10:34.799][Info]--AshException: Resource manager is invalid.
[2017-11-11 00:10:34.802][Info]--NullReferenceException: Object reference not set to an instance of an object
[2017-11-11 00:10:34.805][Info]--AshException: Resource manager is invalid.
[2017-11-11 00:10:34.807][Info]--AshException: Resource manager is invalid.
[2017-11-11 00:11:23.032][Info]--Ash version is 1.0.1. AshUnity version is 1.0.1.
[2017-11-11 00:11:23.044][Info]--During this run, Game Framework will use editor resource files, which you should validate first.
[2017-11-11 00:11:23.138][Info]--AshException: Resource manager is invalid.
[2017-11-11 00:11:23.141][Info]--AshException: Resource manager is invalid.
[2017-11-11 00:11:23.143][Error]--Entrance procedure is invalid.
      1.AshUnity.<Start>d__7:MoveNext()
      2.UnityEngine.SetupCoroutine:InvokeMoveNext(IEnumerator, IntPtr)
[2017-11-11 00:11:23.146][Info]--AshException: Resource manager is invalid.
[2017-11-11 00:14:04.040][Info]--Ash version is 1.0.1. AshUnity version is 1.0.1.
[2017-11-11 00:14:04.049][Info]--During this run, Game Framework will use editor resource files, which you should validate first.
[2017-11-11 00:14:04.142][Info]--AshException: Resource manager is invalid.
[2017-11-11 00:14:04.145][Info]--AshException: Resource manager is invalid.
[2017-11-11 00:14:04.149][Error]--Entrance procedure is invalid.
      1.AshUnity.<Start>d__7:MoveNext()
      2.UnityEngine.SetupCoroutine:InvokeMoveNext(IEnumerator, IntPtr)
[2017-11-11 00:14:04.151][Info]--AshException: Resource manager is invalid.
[2017-11-11 00:15:10.171][Info]--Ash version is 1.0.1. AshUnity version is 1.0.1.
[2017-11-11 00:15:10.182][Info]--During this run, Game Framework will use editor resource files, which you should validate first.
[2017-11-11 00:15:10.278][Error]--Entrance procedure is invalid.
      1.AshUnity.<Start>d__7:MoveNext()
      2.UnityEngine.SetupCoroutine:InvokeMoveNext(IEnumerator, IntPtr)
[2017-11-11 00:15:24.464][Info]--Ash version is 1.0.1. AshUnity version is 1.0.1.
[2017-11-11 00:15:24.578][Info]--Object pool 'Ash.Resource.ResourceManager+ResourceLoader+AssetObject.Asset Pool' capacity changed from '0' to '2147483647'.
[2017-11-11 00:15:24.585][Info]--Object pool 'Ash.Resource.ResourceManager+ResourceLoader+AssetObject.Asset Pool' expire time changed from '0' to '3.402823E+38'.
[2017-11-11 00:15:24.587][Info]--Object pool 'Ash.Resource.ResourceManager+ResourceLoader+ResourceObject.Resource Pool' capacity changed from '0' to '2147483647'.
[2017-11-11 00:15:24.589][Info]--Object pool 'Ash.Resource.ResourceManager+ResourceLoader+ResourceObject.Resource Pool' expire time changed from '0' to '3.402823E+38'.
[2017-11-11 00:15:24.591][Info]--Object pool 'Ash.Resource.ResourceManager+ResourceLoader+AssetObject.Asset Pool' capacity changed from '2147483647' to '64'.
[2017-11-11 00:15:24.592][Info]--Object pool 'Ash.Resource.ResourceManager+ResourceLoader+AssetObject.Asset Pool' expire time changed from '3.402823E+38' to '60'.
[2017-11-11 00:15:24.594][Info]--Object pool 'Ash.Resource.ResourceManager+ResourceLoader+ResourceObject.Resource Pool' capacity changed from '2147483647' to '16'.
[2017-11-11 00:15:24.596][Info]--Object pool 'Ash.Resource.ResourceManager+ResourceLoader+ResourceObject.Resource Pool' expire time changed from '3.402823E+38' to '60'.
[2017-11-11 00:15:24.603][Error]--Entrance procedure is invalid.
      1.AshUnity.<Start>d__7:MoveNext()
      2.UnityEngine.SetupCoroutine:InvokeMoveNext(IEnumerator, IntPtr)
[2017-11-11 00:16:50.099][Info]--Ash version is 1.0.1. AshUnity version is 1.0.1.
[2017-11-11 00:16:50.217][Info]--Object pool 'Ash.Resource.ResourceManager+ResourceLoader+AssetObject.Asset Pool' capacity changed from '0' to '2147483647'.
[2017-11-11 00:16:50.224][Info]--Object pool 'Ash.Resource.ResourceManager+ResourceLoader+AssetObject.Asset Pool' expire time changed from '0' to '3.402823E+38'.
[2017-11-11 00:16:50.226][Info]--Object pool 'Ash.Resource.ResourceManager+ResourceLoader+ResourceObject.Resource Pool' capacity changed from '0' to '2147483647'.
[2017-11-11 00:16:50.228][Info]--Object pool 'Ash.Resource.ResourceManager+ResourceLoader+ResourceObject.Resource Pool' expire time changed from '0' to '3.402823E+38'.
[2017-11-11 00:16:50.230][Info]--Object pool 'Ash.Resource.ResourceManager+ResourceLoader+AssetObject.Asset Pool' capacity changed from '2147483647' to '64'.
[2017-11-11 00:16:50.232][Info]--Object pool 'Ash.Resource.ResourceManager+ResourceLoader+AssetObject.Asset Pool' expire time changed from '3.402823E+38' to '60'.
[2017-11-11 00:16:50.234][Info]--Object pool 'Ash.Resource.ResourceManager+ResourceLoader+ResourceObject.Resource Pool' capacity changed from '2147483647' to '16'.
[2017-11-11 00:16:50.235][Info]--Object pool 'Ash.Resource.ResourceManager+ResourceLoader+ResourceObject.Resource Pool' expire time changed from '3.402823E+38' to '60'.
[2017-11-11 00:16:50.244][Error]--Entrance procedure is invalid.
      1.AshUnity.<Start>d__7:MoveNext()
      2.UnityEngine.SetupCoroutine:InvokeMoveNext(IEnumerator, IntPtr)
[2017-11-11 00:26:25.406][Info]--Ash version is 1.0.1. AshUnity version is 1.0.1.
[2017-11-11 00:26:25.522][Info]--Object pool 'Ash.Resource.ResourceManager+ResourceLoader+AssetObject.Asset Pool' capacity changed from '0' to '2147483647'.
[2017-11-11 00:26:25.531][Info]--Object pool 'Ash.Resource.ResourceManager+ResourceLoader+AssetObject.Asset Pool' expire time changed from '0' to '3.402823E+38'.
[2017-11-11 00:26:25.533][Info]--Object pool 'Ash.Resource.ResourceManager+ResourceLoader+ResourceObject.Resource Pool' capacity changed from '0' to '2147483647'.
[2017-11-11 00:26:25.535][Info]--Object pool 'Ash.Resource.ResourceManager+ResourceLoader+ResourceObject.Resource Pool' expire time changed from '0' to '3.402823E+38'.
[2017-11-11 00:26:25.538][Info]--Object pool 'Ash.Resource.ResourceManager+ResourceLoader+AssetObject.Asset Pool' capacity changed from '2147483647' to '64'.
[2017-11-11 00:26:25.539][Info]--Object pool 'Ash.Resource.ResourceManager+ResourceLoader+AssetObject.Asset Pool' expire time changed from '3.402823E+38' to '60'.
[2017-11-11 00:26:25.542][Info]--Object pool 'Ash.Resource.ResourceManager+ResourceLoader+ResourceObject.Resource Pool' capacity changed from '2147483647' to '16'.
[2017-11-11 00:26:25.543][Info]--Object pool 'Ash.Resource.ResourceManager+ResourceLoader+ResourceObject.Resource Pool' expire time changed from '3.402823E+38' to '60'.
[2017-11-11 00:26:25.654][Info]--Enter 'MyGameLaunch' procedure.
[2017-11-11 00:29:14.426][Info]--Ash version is 1.0.1. AshUnity version is 1.0.1.
[2017-11-11 00:29:14.539][Info]--Object pool 'Ash.Resource.ResourceManager+ResourceLoader+AssetObject.Asset Pool' capacity changed from '0' to '2147483647'.
[2017-11-11 00:29:14.546][Info]--Object pool 'Ash.Resource.ResourceManager+ResourceLoader+AssetObject.Asset Pool' expire time changed from '0' to '3.402823E+38'.
[2017-11-11 00:29:14.548][Info]--Object pool 'Ash.Resource.ResourceManager+ResourceLoader+ResourceObject.Resource Pool' capacity changed from '0' to '2147483647'.
[2017-11-11 00:29:14.550][Info]--Object pool 'Ash.Resource.ResourceManager+ResourceLoader+ResourceObject.Resource Pool' expire time changed from '0' to '3.402823E+38'.
[2017-11-11 00:29:14.552][Info]--Object pool 'Ash.Resource.ResourceManager+ResourceLoader+AssetObject.Asset Pool' capacity changed from '2147483647' to '64'.
[2017-11-11 00:29:14.554][Info]--Object pool 'Ash.Resource.ResourceManager+ResourceLoader+AssetObject.Asset Pool' expire time changed from '3.402823E+38' to '60'.
[2017-11-11 00:29:14.556][Info]--Object pool 'Ash.Resource.ResourceManager+ResourceLoader+ResourceObject.Resource Pool' capacity changed from '2147483647' to '16'.
[2017-11-11 00:29:14.558][Info]--Object pool 'Ash.Resource.ResourceManager+ResourceLoader+ResourceObject.Resource Pool' expire time changed from '3.402823E+38' to '60'.
[2017-11-11 00:29:14.672][Info]--Enter 'MyGameLaunch' procedure.
[2017-11-11 00:31:06.514][Info]--Ash version is 1.0.1. AshUnity version is 1.0.1.
[2017-11-11 00:31:06.626][Info]--Object pool 'Ash.Resource.ResourceManager+ResourceLoader+AssetObject.Asset Pool' capacity changed from '0' to '2147483647'.
[2017-11-11 00:31:06.634][Info]--Object pool 'Ash.Resource.ResourceManager+ResourceLoader+AssetObject.Asset Pool' expire time changed from '0' to '3.402823E+38'.
[2017-11-11 00:31:06.636][Info]--Object pool 'Ash.Resource.ResourceManager+ResourceLoader+ResourceObject.Resource Pool' capacity changed from '0' to '2147483647'.
[2017-11-11 00:31:06.638][Info]--Object pool 'Ash.Resource.ResourceManager+ResourceLoader+ResourceObject.Resource Pool' expire time changed from '0' to '3.402823E+38'.
[2017-11-11 00:31:06.640][Info]--Object pool 'Ash.Resource.ResourceManager+ResourceLoader+AssetObject.Asset Pool' capacity changed from '2147483647' to '64'.
[2017-11-11 00:31:06.642][Info]--Object pool 'Ash.Resource.ResourceManager+ResourceLoader+AssetObject.Asset Pool' expire time changed from '3.402823E+38' to '60'.
[2017-11-11 00:31:06.644][Info]--Object pool 'Ash.Resource.ResourceManager+ResourceLoader+ResourceObject.Resource Pool' capacity changed from '2147483647' to '16'.
[2017-11-11 00:31:06.645][Info]--Object pool 'Ash.Resource.ResourceManager+ResourceLoader+ResourceObject.Resource Pool' expire time changed from '3.402823E+38' to '60'.
[2017-11-11 00:31:06.758][Info]--Enter 'MyGameLaunch' procedure.
[2017-11-11 00:42:36.561][Info]--Ash version is 1.0.1. AshUnity version is 1.0.1.
[2017-11-11 00:42:36.678][Info]--Object pool 'Ash.Resource.ResourceManager+ResourceLoader+AssetObject.Asset Pool' capacity changed from '0' to '2147483647'.
[2017-11-11 00:42:36.686][Info]--Object pool 'Ash.Resource.ResourceManager+ResourceLoader+AssetObject.Asset Pool' expire time changed from '0' to '3.402823E+38'.
[2017-11-11 00:42:36.688][Info]--Object pool 'Ash.Resource.ResourceManager+ResourceLoader+ResourceObject.Resource Pool' capacity changed from '0' to '2147483647'.
[2017-11-11 00:42:36.690][Info]--Object pool 'Ash.Resource.ResourceManager+ResourceLoader+ResourceObject.Resource Pool' expire time changed from '0' to '3.402823E+38'.
[2017-11-11 00:42:36.692][Info]--Object pool 'Ash.Resource.ResourceManager+ResourceLoader+AssetObject.Asset Pool' capacity changed from '2147483647' to '64'.
[2017-11-11 00:42:36.693][Info]--Object pool 'Ash.Resource.ResourceManager+ResourceLoader+AssetObject.Asset Pool' expire time changed from '3.402823E+38' to '60'.
[2017-11-11 00:42:36.695][Info]--Object pool 'Ash.Resource.ResourceManager+ResourceLoader+ResourceObject.Resource Pool' capacity changed from '2147483647' to '16'.
[2017-11-11 00:42:36.697][Info]--Object pool 'Ash.Resource.ResourceManager+ResourceLoader+ResourceObject.Resource Pool' expire time changed from '3.402823E+38' to '60'.
[2017-11-11 00:42:36.810][Info]--Enter 'MyGameLaunch' procedure.
[2017-11-11 00:43:34.898][Info]--Object pool 'Ash.Resource.ResourceManager+ResourceLoader+AssetObject.Asset Pool' auto release start.
[2017-11-11 00:43:34.901][Info]--Object pool 'Ash.Resource.ResourceManager+ResourceLoader+AssetObject.Asset Pool' auto release complete.
[2017-11-11 00:43:34.904][Info]--Object pool 'Ash.Resource.ResourceManager+ResourceLoader+ResourceObject.Resource Pool' auto release start.
[2017-11-11 00:43:34.907][Info]--Object pool 'Ash.Resource.ResourceManager+ResourceLoader+ResourceObject.Resource Pool' auto release complete.
[2017-11-11 00:54:24.485][Info]--Ash version is 1.0.1. AshUnity version is 1.0.1.
[2017-11-11 00:54:24.610][Info]--Object pool 'Ash.Resource.ResourceManager+ResourceLoader+AssetObject.Asset Pool' capacity changed from '0' to '2147483647'.
[2017-11-11 00:54:24.617][Info]--Object pool 'Ash.Resource.ResourceManager+ResourceLoader+AssetObject.Asset Pool' expire time changed from '0' to '3.402823E+38'.
[2017-11-11 00:54:24.619][Info]--Object pool 'Ash.Resource.ResourceManager+ResourceLoader+ResourceObject.Resource Pool' capacity changed from '0' to '2147483647'.
[2017-11-11 00:54:24.621][Info]--Object pool 'Ash.Resource.ResourceManager+ResourceLoader+ResourceObject.Resource Pool' expire time changed from '0' to '3.402823E+38'.
[2017-11-11 00:54:24.623][Info]--Object pool 'Ash.Resource.ResourceManager+ResourceLoader+AssetObject.Asset Pool' capacity changed from '2147483647' to '64'.
[2017-11-11 00:54:24.625][Info]--Object pool 'Ash.Resource.ResourceManager+ResourceLoader+AssetObject.Asset Pool' expire time changed from '3.402823E+38' to '60'.
[2017-11-11 00:54:24.627][Info]--Object pool 'Ash.Resource.ResourceManager+ResourceLoader+ResourceObject.Resource Pool' capacity changed from '2147483647' to '16'.
[2017-11-11 00:54:24.629][Info]--Object pool 'Ash.Resource.ResourceManager+ResourceLoader+ResourceObject.Resource Pool' expire time changed from '3.402823E+38' to '60'.
[2017-11-11 00:54:24.743][Info]--Enter 'MyGameLaunch' procedure.
[2017-11-11 01:02:34.634][Info]--Ash version is 1.0.1. AshUnity version is 1.0.1.
[2017-11-11 01:02:34.747][Info]--0 : 2147483647
[2017-11-11 01:02:34.749][Info]--Object pool 'Ash.Resource.ResourceManager+ResourceLoader+AssetObject.Asset Pool' capacity changed from '0' to '2147483647'.
[2017-11-11 01:02:34.756][Info]--Object pool 'Ash.Resource.ResourceManager+ResourceLoader+AssetObject.Asset Pool' expire time changed from '0' to '3.402823E+38'.
[2017-11-11 01:02:34.759][Info]--0 : 2147483647
[2017-11-11 01:02:34.762][Info]--Object pool 'Ash.Resource.ResourceManager+ResourceLoader+ResourceObject.Resource Pool' capacity changed from '0' to '2147483647'.
[2017-11-11 01:02:34.763][Info]--Object pool 'Ash.Resource.ResourceManager+ResourceLoader+ResourceObject.Resource Pool' expire time changed from '0' to '3.402823E+38'.
[2017-11-11 01:02:34.766][Info]--2147483647 : 64
[2017-11-11 01:02:34.767][Info]--Object pool 'Ash.Resource.ResourceManager+ResourceLoader+AssetObject.Asset Pool' capacity changed from '2147483647' to '64'.
[2017-11-11 01:02:34.769][Info]--Object pool 'Ash.Resource.ResourceManager+ResourceLoader+AssetObject.Asset Pool' expire time changed from '3.402823E+38' to '60'.
[2017-11-11 01:02:34.771][Info]--2147483647 : 16
[2017-11-11 01:02:34.772][Info]--Object pool 'Ash.Resource.ResourceManager+ResourceLoader+ResourceObject.Resource Pool' capacity changed from '2147483647' to '16'.
[2017-11-11 01:02:34.774][Info]--Object pool 'Ash.Resource.ResourceManager+ResourceLoader+ResourceObject.Resource Pool' expire time changed from '3.402823E+38' to '60'.
[2017-11-11 01:02:34.886][Info]--Enter 'MyGameLaunch' procedure.
[2017-11-11 01:03:32.920][Info]--Object pool 'Ash.Resource.ResourceManager+ResourceLoader+AssetObject.Asset Pool' auto release start.
[2017-11-11 01:03:32.923][Info]--Object pool 'Ash.Resource.ResourceManager+ResourceLoader+AssetObject.Asset Pool' auto release complete.
[2017-11-11 01:03:32.925][Info]--Object pool 'Ash.Resource.ResourceManager+ResourceLoader+ResourceObject.Resource Pool' auto release start.
[2017-11-11 01:03:32.926][Info]--Object pool 'Ash.Resource.ResourceManager+ResourceLoader+ResourceObject.Resource Pool' auto release complete.
[2017-11-11 01:04:32.947][Info]--Object pool 'Ash.Resource.ResourceManager+ResourceLoader+AssetObject.Asset Pool' auto release start.
[2017-11-11 01:04:32.951][Info]--Object pool 'Ash.Resource.ResourceManager+ResourceLoader+AssetObject.Asset Pool' auto release complete.
[2017-11-11 01:04:32.953][Info]--Object pool 'Ash.Resource.ResourceManager+ResourceLoader+ResourceObject.Resource Pool' auto release start.
[2017-11-11 01:04:32.955][Info]--Object pool 'Ash.Resource.ResourceManager+ResourceLoader+ResourceObject.Resource Pool' auto release complete.
[2017-11-11 01:06:05.005][Info]--Ash version is 1.0.1. AshUnity version is 1.0.1.
[2017-11-11 01:06:05.117][Info]--0 : 2147483647
[2017-11-11 01:06:05.119][Info]--Object pool 'Ash.Resource.ResourceManager+ResourceLoader+AssetObject.Asset Pool' capacity changed from '0' to '2147483647'.
[2017-11-11 01:06:05.126][Info]--Object pool 'Ash.Resource.ResourceManager+ResourceLoader+AssetObject.Asset Pool' expire time changed from '0' to '3.402823E+38'.
[2017-11-11 01:06:05.128][Info]--0 : 2147483647
[2017-11-11 01:06:05.130][Info]--Object pool 'Ash.Resource.ResourceManager+ResourceLoader+ResourceObject.Resource Pool' capacity changed from '0' to '2147483647'.
[2017-11-11 01:06:05.132][Info]--Object pool 'Ash.Resource.ResourceManager+ResourceLoader+ResourceObject.Resource Pool' expire time changed from '0' to '3.402823E+38'.
[2017-11-11 01:06:05.133][Info]--2147483647 : 64
[2017-11-11 01:06:05.135][Info]--Object pool 'Ash.Resource.ResourceManager+ResourceLoader+AssetObject.Asset Pool' capacity changed from '2147483647' to '64'.
[2017-11-11 01:06:05.137][Info]--Object pool 'Ash.Resource.ResourceManager+ResourceLoader+AssetObject.Asset Pool' expire time changed from '3.402823E+38' to '60'.
[2017-11-11 01:06:05.138][Info]--2147483647 : 16
[2017-11-11 01:06:05.140][Info]--Object pool 'Ash.Resource.ResourceManager+ResourceLoader+ResourceObject.Resource Pool' capacity changed from '2147483647' to '16'.
[2017-11-11 01:06:05.141][Info]--Object pool 'Ash.Resource.ResourceManager+ResourceLoader+ResourceObject.Resource Pool' expire time changed from '3.402823E+38' to '60'.
[2017-11-11 01:06:05.246][Info]--Enter 'MyGameLaunch' procedure.
[2017-11-11 01:06:12.748][Info]--Ash version is 1.0.1. AshUnity version is 1.0.1.
[2017-11-11 01:06:12.862][Info]--0 : 2147483647
[2017-11-11 01:06:12.864][Info]--Object pool 'Ash.Resource.ResourceManager+ResourceLoader+AssetObject.Asset Pool' capacity changed from '0' to '2147483647'.
[2017-11-11 01:06:12.871][Info]--Object pool 'Ash.Resource.ResourceManager+ResourceLoader+AssetObject.Asset Pool' expire time changed from '0' to '3.402823E+38'.
[2017-11-11 01:06:12.873][Info]--0 : 2147483647
[2017-11-11 01:06:12.875][Info]--Object pool 'Ash.Resource.ResourceManager+ResourceLoader+ResourceObject.Resource Pool' capacity changed from '0' to '2147483647'.
[2017-11-11 01:06:12.877][Info]--Object pool 'Ash.Resource.ResourceManager+ResourceLoader+ResourceObject.Resource Pool' expire time changed from '0' to '3.402823E+38'.
[2017-11-11 01:06:12.879][Info]--2147483647 : 64
[2017-11-11 01:06:12.880][Info]--Object pool 'Ash.Resource.ResourceManager+ResourceLoader+AssetObject.Asset Pool' capacity changed from '2147483647' to '64'.
[2017-11-11 01:06:12.881][Info]--Object pool 'Ash.Resource.ResourceManager+ResourceLoader+AssetObject.Asset Pool' expire time changed from '3.402823E+38' to '60'.
[2017-11-11 01:06:12.884][Info]--2147483647 : 16
[2017-11-11 01:06:12.885][Info]--Object pool 'Ash.Resource.ResourceManager+ResourceLoader+ResourceObject.Resource Pool' capacity changed from '2147483647' to '16'.
[2017-11-11 01:06:12.887][Info]--Object pool 'Ash.Resource.ResourceManager+ResourceLoader+ResourceObject.Resource Pool' expire time changed from '3.402823E+38' to '60'.
[2017-11-11 01:06:12.994][Info]--Enter 'MyGameLaunch' procedure.
[2017-11-11 01:07:25.730][Info]--Ash version is 1.0.1. AshUnity version is 1.0.1.
[2017-11-11 01:07:25.845][Info]--0 : 2147483647
[2017-11-11 01:07:25.847][Info]--Object pool 'Ash.Resource.ResourceManager+ResourceLoader+AssetObject.Asset Pool' capacity changed from '0' to '2147483647'.
[2017-11-11 01:07:25.854][Info]--Object pool 'Ash.Resource.ResourceManager+ResourceLoader+AssetObject.Asset Pool' expire time changed from '0' to '3.402823E+38'.
[2017-11-11 01:07:25.857][Info]--0 : 2147483647
[2017-11-11 01:07:25.859][Info]--Object pool 'Ash.Resource.ResourceManager+ResourceLoader+ResourceObject.Resource Pool' capacity changed from '0' to '2147483647'.
[2017-11-11 01:07:25.861][Info]--Object pool 'Ash.Resource.ResourceManager+ResourceLoader+ResourceObject.Resource Pool' expire time changed from '0' to '3.402823E+38'.
[2017-11-11 01:07:25.863][Info]--2147483647 : 64
[2017-11-11 01:07:25.865][Info]--Object pool 'Ash.Resource.ResourceManager+ResourceLoader+AssetObject.Asset Pool' capacity changed from '2147483647' to '64'.
[2017-11-11 01:07:25.866][Info]--Object pool 'Ash.Resource.ResourceManager+ResourceLoader+AssetObject.Asset Pool' expire time changed from '3.402823E+38' to '60'.
[2017-11-11 01:07:25.868][Info]--2147483647 : 16
[2017-11-11 01:07:25.869][Info]--Object pool 'Ash.Resource.ResourceManager+ResourceLoader+ResourceObject.Resource Pool' capacity changed from '2147483647' to '16'.
[2017-11-11 01:07:25.871][Info]--Object pool 'Ash.Resource.ResourceManager+ResourceLoader+ResourceObject.Resource Pool' expire time changed from '3.402823E+38' to '60'.
[2017-11-11 01:07:25.989][Info]--Enter 'MyGameLaunch' procedure.
[2017-11-11 01:08:24.032][Info]--Object pool 'Ash.Resource.ResourceManager+ResourceLoader+AssetObject.Asset Pool' auto release start.
[2017-11-11 01:08:24.035][Info]--Object pool 'Ash.Resource.ResourceManager+ResourceLoader+AssetObject.Asset Pool' auto release complete.
[2017-11-11 01:08:24.037][Info]--Object pool 'Ash.Resource.ResourceManager+ResourceLoader+ResourceObject.Resource Pool' auto release start.
[2017-11-11 01:08:24.040][Info]--Object pool 'Ash.Resource.ResourceManager+ResourceLoader+ResourceObject.Resource Pool' auto release complete.
[2017-11-11 01:09:24.033][Info]--Object pool 'Ash.Resource.ResourceManager+ResourceLoader+AssetObject.Asset Pool' auto release start.
[2017-11-11 01:09:24.049][Info]--Object pool 'Ash.Resource.ResourceManager+ResourceLoader+AssetObject.Asset Pool' auto release complete.
[2017-11-11 01:09:24.051][Info]--Object pool 'Ash.Resource.ResourceManager+ResourceLoader+ResourceObject.Resource Pool' auto release start.
[2017-11-11 01:09:24.053][Info]--Object pool 'Ash.Resource.ResourceManager+ResourceLoader+ResourceObject.Resource Pool' auto release complete.
[2017-11-11 01:10:24.053][Info]--Object pool 'Ash.Resource.ResourceManager+ResourceLoader+AssetObject.Asset Pool' auto release start.
[2017-11-11 01:10:24.057][Info]--Object pool 'Ash.Resource.ResourceManager+ResourceLoader+AssetObject.Asset Pool' auto release complete.
[2017-11-11 01:10:24.060][Info]--Object pool 'Ash.Resource.ResourceManager+ResourceLoader+ResourceObject.Resource Pool' auto release start.
[2017-11-11 01:10:24.063][Info]--Object pool 'Ash.Resource.ResourceManager+ResourceLoader+ResourceObject.Resource Pool' auto release complete.
[2017-11-11 01:11:24.072][Info]--Object pool 'Ash.Resource.ResourceManager+ResourceLoader+AssetObject.Asset Pool' auto release start.
[2017-11-11 01:11:24.075][Info]--Object pool 'Ash.Resource.ResourceManager+ResourceLoader+AssetObject.Asset Pool' auto release complete.
[2017-11-11 01:11:24.077][Info]--Object pool 'Ash.Resource.ResourceManager+ResourceLoader+ResourceObject.Resource Pool' auto release start.
[2017-11-11 01:11:24.078][Info]--Object pool 'Ash.Resource.ResourceManager+ResourceLoader+ResourceObject.Resource Pool' auto release complete.
[2017-11-11 01:12:24.099][Info]--Object pool 'Ash.Resource.ResourceManager+ResourceLoader+AssetObject.Asset Pool' auto release start.
[2017-11-11 01:12:24.107][Info]--Object pool 'Ash.Resource.ResourceManager+ResourceLoader+AssetObject.Asset Pool' auto release complete.
[2017-11-11 01:12:24.109][Info]--Object pool 'Ash.Resource.ResourceManager+ResourceLoader+ResourceObject.Resource Pool' auto release start.
[2017-11-11 01:12:24.111][Info]--Object pool 'Ash.Resource.ResourceManager+ResourceLoader+ResourceObject.Resource Pool' auto release complete.
[2017-11-11 01:13:24.119][Info]--Object pool 'Ash.Resource.ResourceManager+ResourceLoader+AssetObject.Asset Pool' auto release start.
[2017-11-11 01:13:24.121][Info]--Object pool 'Ash.Resource.ResourceManager+ResourceLoader+AssetObject.Asset Pool' auto release complete.
[2017-11-11 01:13:24.122][Info]--Object pool 'Ash.Resource.ResourceManager+ResourceLoader+ResourceObject.Resource Pool' auto release start.
[2017-11-11 01:13:24.124][Info]--Object pool 'Ash.Resource.ResourceManager+ResourceLoader+ResourceObject.Resource Pool' auto release complete.
[2017-11-11 01:14:24.139][Info]--Object pool 'Ash.Resource.ResourceManager+ResourceLoader+AssetObject.Asset Pool' auto release start.
[2017-11-11 01:14:24.141][Info]--Object pool 'Ash.Resource.ResourceManager+ResourceLoader+AssetObject.Asset Pool' auto release complete.
[2017-11-11 01:14:24.144][Info]--Object pool 'Ash.Resource.ResourceManager+ResourceLoader+ResourceObject.Resource Pool' auto release start.
[2017-11-11 01:14:24.146][Info]--Object pool 'Ash.Resource.ResourceManager+ResourceLoader+ResourceObject.Resource Pool' auto release complete.
[2017-11-11 01:15:24.160][Info]--Object pool 'Ash.Resource.ResourceManager+ResourceLoader+AssetObject.Asset Pool' auto release start.
[2017-11-11 01:15:24.162][Info]--Object pool 'Ash.Resource.ResourceManager+ResourceLoader+AssetObject.Asset Pool' auto release complete.
[2017-11-11 01:15:24.164][Info]--Object pool 'Ash.Resource.ResourceManager+ResourceLoader+ResourceObject.Resource Pool' auto release start.
[2017-11-11 01:15:24.166][Info]--Object pool 'Ash.Resource.ResourceManager+ResourceLoader+ResourceObject.Resource Pool' auto release complete.
[2017-11-11 22:27:45.002][Info]--Ash version is 1.0.1. AshUnity version is 1.0.1.
[2017-11-11 22:28:31.942][Info]--Ash version is 1.0.1. AshUnity version is 1.0.1.
[2017-11-11 22:28:45.756][Info]--Ash version is 1.0.1. AshUnity version is 1.0.1.
[2017-11-11 22:28:57.133][Info]--Ash version is 1.0.1. AshUnity version is 1.0.1.
[2017-11-11 22:28:57.269][Info]--Object pool 'Ash.Resource.ResourceManager+ResourceLoader+AssetObject.Asset Pool' capacity changed from '0' to '2147483647'.
[2017-11-11 22:28:57.276][Info]--Object pool 'Ash.Resource.ResourceManager+ResourceLoader+AssetObject.Asset Pool' expire time changed from '0' to '3.402823E+38'.
[2017-11-11 22:28:57.278][Info]--Object pool 'Ash.Resource.ResourceManager+ResourceLoader+ResourceObject.Resource Pool' capacity changed from '0' to '2147483647'.
[2017-11-11 22:28:57.280][Info]--Object pool 'Ash.Resource.ResourceManager+ResourceLoader+ResourceObject.Resource Pool' expire time changed from '0' to '3.402823E+38'.
[2017-11-11 22:28:57.283][Info]--Object pool 'Ash.Resource.ResourceManager+ResourceLoader+AssetObject.Asset Pool' capacity changed from '2147483647' to '64'.
[2017-11-11 22:28:57.285][Info]--Object pool 'Ash.Resource.ResourceManager+ResourceLoader+AssetObject.Asset Pool' expire time changed from '3.402823E+38' to '60'.
[2017-11-11 22:28:57.287][Info]--Object pool 'Ash.Resource.ResourceManager+ResourceLoader+ResourceObject.Resource Pool' capacity changed from '2147483647' to '16'.
[2017-11-11 22:28:57.289][Info]--Object pool 'Ash.Resource.ResourceManager+ResourceLoader+ResourceObject.Resource Pool' expire time changed from '3.402823E+38' to '60'.
[2017-11-11 22:28:57.390][Info]--Enter 'MyGameLaunch' procedure.
